#
# There is insufficient memory for the Java Runtime Environment to continue.
# Native memory allocation (malloc) failed to allocate 1048576 bytes for AllocateHeap
# Possible reasons:
#   The system is out of physical RAM or swap space
#   In 32 bit mode, the process size limit was hit
# Possible solutions:
#   Reduce memory load on the system
#   Increase physical memory or swap space
#   Check if swap backing store is full
#   Use 64 bit Java on a 64 bit OS
#   Decrease Java heap size (-Xmx/-Xms)
#   Decrease number of Java threads
#   Decrease Java thread stack sizes (-Xss)
#   Set larger code cache with -XX:ReservedCodeCacheSize=
# This output file may be truncated or incomplete.
#
#  Out of Memory Error (memory/allocation.inline.hpp:61), pid=7224, tid=0x000000000000280c
#
# JRE version:  (8.0_76-b03) (build )
# Java VM: OpenJDK 64-Bit Server VM (25.76-b03 mixed mode windows-amd64 compressed oops)
# Failed to write core dump. Minidumps are not enabled by default on client versions of Windows
#

---------------  T H R E A D  ---------------

Current thread (0x00000000029d0800):  JavaThread "Unknown thread" [_thread_in_vm, id=10252, stack(0x0000000002750000,0x0000000002850000)]

Stack: [0x0000000002750000,0x0000000002850000]
[error occurred during error reporting (printing stack bounds), id 0xc0000005]

Native frames: (J=compiled Java code, j=interpreted, Vv=VM code, C=native code)


---------------  P R O C E S S  ---------------

Java Threads: ( => current thread )

Other Threads:

=>0x00000000029d0800 (exited) JavaThread "Unknown thread" [_thread_in_vm, id=10252, stack(0x0000000002750000,0x0000000002850000)]

VM state:not at safepoint (normal execution)

VM Mutex/Monitor currently owned by a thread: None

Heap:
 PSYoungGen      total 18944K, used 327K [0x00000000eab00000, 0x00000000ec000000, 0x0000000100000000)
  eden space 16384K, 2% used [0x00000000eab00000,0x00000000eab51ec8,0x00000000ebb00000)
  from space 2560K, 0% used [0x00000000ebd80000,0x00000000ebd80000,0x00000000ec000000)
  to   space 2560K, 0% used [0x00000000ebb00000,0x00000000ebb00000,0x00000000ebd80000)
 ParOldGen       total 44032K, used 0K [0x00000000c0000000, 0x00000000c2b00000, 0x00000000eab00000)
  object space 44032K, 0% used [0x00000000c0000000,0x00000000c0000000,0x00000000c2b00000)
 Metaspace       used 771K, capacity 4480K, committed 4480K, reserved 1056768K
  class space    used 73K, capacity 384K, committed 384K, reserved 1048576K

Card table byte_map: [0x0000000011e90000,0x00000000120a0000] byte_map_base: 0x0000000011890000

Marking Bits: (ParMarkBitMap*) 0x000000005e8e9d00
 Begin Bits: [0x0000000012600000, 0x0000000013600000)
 End Bits:   [0x0000000013600000, 0x0000000014600000)

Polling page: 0x0000000000f40000

CodeCache: size=245760Kb used=328Kb max_used=328Kb free=245431Kb
 bounds [0x0000000002ad0000, 0x0000000002d40000, 0x0000000011ad0000]
 total_blobs=57 nmethods=0 adapters=38
 compilation: enabled

Compilation events (0 events):
No events

GC Heap History (0 events):
No events

Deoptimization events (0 events):
No events

Internal exceptions (0 events):
No events

Events (10 events):
Event: 0.335 loading class java/lang/Short
Event: 0.335 loading class java/lang/Short done
Event: 0.335 loading class java/lang/Integer
Event: 0.335 loading class java/lang/Integer done
Event: 0.335 loading class java/lang/Long
Event: 0.335 loading class java/lang/Long done
Event: 0.337 loading class java/lang/NullPointerException
Event: 0.337 loading class java/lang/NullPointerException done
Event: 0.337 loading class java/lang/ArithmeticException
Event: 0.337 loading class java/lang/ArithmeticException done


Dynamic libraries:
0x00007ff6cb0d0000 - 0x00007ff6cb101000 	C:\Program Files\Android\Android Studio\jre\bin\java.exe
0x00007ffeaff10000 - 0x00007ffeb00e1000 	C:\WINDOWS\SYSTEM32\ntdll.dll
0x00007ffeae450000 - 0x00007ffeae4fb000 	C:\WINDOWS\System32\KERNEL32.DLL
0x00007ffeac500000 - 0x00007ffeac71d000 	C:\WINDOWS\System32\KERNELBASE.dll
0x00007ffeae500000 - 0x00007ffeae5a2000 	C:\WINDOWS\System32\ADVAPI32.dll
0x00007ffead4c0000 - 0x00007ffead55e000 	C:\WINDOWS\System32\msvcrt.dll
0x00007ffeae5b0000 - 0x00007ffeae609000 	C:\WINDOWS\System32\sechost.dll
0x00007ffeae6b0000 - 0x00007ffeae7d1000 	C:\WINDOWS\System32\RPCRT4.dll
0x00007ffead6e0000 - 0x00007ffead845000 	C:\WINDOWS\System32\USER32.dll
0x00007ffead2f0000 - 0x00007ffead30e000 	C:\WINDOWS\System32\win32u.dll
0x00007ffead6a0000 - 0x00007ffead6d4000 	C:\WINDOWS\System32\GDI32.dll
0x00007ffead310000 - 0x00007ffead492000 	C:\WINDOWS\System32\gdi32full.dll
0x00007ffe9a740000 - 0x00007ffe9a9b9000 	C:\WINDOWS\WinSxS\amd64_microsoft.windows.common-controls_6595b64144ccf1df_6.0.14393.0_none_2d0f50fcbdb171b8\COMCTL32.dll
0x00007ffead850000 - 0x00007ffeadb17000 	C:\WINDOWS\System32\combase.dll
0x00007ffeace60000 - 0x00007ffeacf55000 	C:\WINDOWS\System32\ucrtbase.dll
0x00007ffeacf60000 - 0x00007ffeacfca000 	C:\WINDOWS\System32\bcryptPrimitives.dll
0x00007ffeae610000 - 0x00007ffeae63e000 	C:\WINDOWS\System32\IMM32.DLL
0x000000005e050000 - 0x000000005e122000 	C:\Program Files\Android\Android Studio\jre\jre\bin\msvcr100.dll
0x000000005e130000 - 0x000000005e964000 	C:\Program Files\Android\Android Studio\jre\jre\bin\server\jvm.dll
0x00007ffeafef0000 - 0x00007ffeafef8000 	C:\WINDOWS\System32\PSAPI.DLL
0x00007ffea7560000 - 0x00007ffea7569000 	C:\WINDOWS\SYSTEM32\WSOCK32.dll
0x00007ffeae310000 - 0x00007ffeae37a000 	C:\WINDOWS\System32\WS2_32.dll
0x00007ffe99710000 - 0x00007ffe99733000 	C:\WINDOWS\SYSTEM32\WINMM.dll
0x00007ffea5150000 - 0x00007ffea515a000 	C:\WINDOWS\SYSTEM32\VERSION.dll
0x00007ffe996e0000 - 0x00007ffe9970b000 	C:\WINDOWS\SYSTEM32\WINMMBASE.dll
0x00007ffeac400000 - 0x00007ffeac442000 	C:\WINDOWS\System32\cfgmgr32.dll
0x00007ffea9350000 - 0x00007ffea935f000 	C:\Program Files\Android\Android Studio\jre\jre\bin\verify.dll
0x00007ffea9320000 - 0x00007ffea9349000 	C:\Program Files\Android\Android Studio\jre\jre\bin\java.dll
0x00007ffea92f0000 - 0x00007ffea9306000 	C:\Program Files\Android\Android Studio\jre\jre\bin\zip.dll

VM Arguments:
jvm_args: -Djava.awt.headless=true -Xmx1024M -Dfile.encoding=windows-1252 -Duser.country=US -Duser.language=en -Duser.variant 
java_command: com.android.dx.command.Main --dex --force-jumbo --num-threads=4 --multi-dex --output C:\Users\Shaun\Dropbox\Udacity\AndroidBasics\Project3\app\build\intermediates\transforms\dex\debug\folders\1000\10\com.android.support-animated-vector-drawable-24.2.0_b71c06bb61f327c0b01c893fc795411c29c5e966 C:\Users\Shaun\Dropbox\Udacity\AndroidBasics\Project3\app\build\intermediates\exploded-aar\com.android.support\animated-vector-drawable\24.2.0\jars\classes.jar
java_class_path (initial): C:\Users\Shaun\AppData\Local\Android\sdk\build-tools\24.0.2\lib\dx.jar
Launcher Type: SUN_STANDARD

Environment Variables:
PATH=C:\ProgramData\Oracle\Java\javapath;C:\WINDOWS\system32;C:\WINDOWS;C:\WINDOWS\System32\Wbem;C:\WINDOWS\System32\WindowsPowerShell\v1.0\;C:\Program Files\Microsoft SQL Server\110\Tools\Binn\;C:\Program Files\Microsoft SQL Server\120\Tools\Binn\;C:\Program Files (x86)\Microsoft SDKs\TypeScript\1.0\;C:\MinGW\bin;C:\ProgramData\chocolatey\bin;C:\Program Files (x86)\Skype\Phone\;%SystemRoot%\system32;%SystemRoot%;%SystemRoot%\System32\Wbem;%SYSTEMROOT%\System32\WindowsPowerShell\v1.0\;C:\Users\Shaun\AppData\Local\Code\bin;C:\Users\Shaun\AppData\Local\atom\bin;C:\Program Files (x86)\Microsoft VS Code\bin;C:\Oracle\instantclient_12_1;%USERPROFILE%\AppData\Local\Microsoft\WindowsApps;
USERNAME=Shaun
OS=Windows_NT
PROCESSOR_IDENTIFIER=Intel64 Family 6 Model 69 Stepping 1, GenuineIntel



---------------  S Y S T E M  ---------------

OS: Windows 10.0 , 64 bit Build 14393 (10.0.14393.0)

CPU:total 4 (2 cores per cpu, 2 threads per core) family 6 model 69 stepping 1, cmov, cx8, fxsr, mmx, sse, sse2, sse3, ssse3, sse4.1, sse4.2, popcnt, avx, avx2, aes, clmul, erms, lzcnt, ht, tsc, tscinvbit, bmi1, bmi2

Memory: 4k page, physical 4112428k(483280k free), swap 6160428k(3840k free)

vm_info: OpenJDK 64-Bit Server VM (25.76-b03) for windows-amd64 JRE (1.8.0_76-release-b03), built on Jun 29 2016 19:09:20 by "ralucas" with MS VC++ 10.0 (VS2010)

time: Mon Oct 03 15:01:27 2016
elapsed time: 0 seconds (0d 0h 0m 0s)

